<?xml version="1.0" encoding="UTF-8"?>
<!-- Generated by org.testng.reporters.JUnitXMLReporter -->
<testsuite hostname="DESKTOP-P82OMDO" ignored="1" name="Personal Loan" tests="9" failures="1" timestamp="03 Sep 2020 11:12:32 GMT" time="0.054" errors="0">
  <testcase name="demo" time="0.003" classname="testNGPack.testNGEx"/>
  <testcase name="demo1" time="0.003" classname="testNGPack.testNGEx"/>
  <testcase name="WDemo3" time="0.001" classname="testNGPack.testNGEx1"/>
  <testcase name="Demo4" time="0.002" classname="testNGPack.testNGEx1"/>
  <testcase name="WDemo4" time="0.0" classname="testNGPack.testNGEx1">
    <failure type="org.testng.TestNGException" message="
Parameter &amp;apos;URL&amp;apos; is required by @Test on method WDemo4 but has not been marked @Optional or defined
in F:\Year2020\HybridProject\testng2.xml">
      <![CDATA[org.testng.TestNGException: 
Parameter 'URL' is required by @Test on method WDemo4 but has not been marked @Optional or defined
in F:\Year2020\HybridProject\testng2.xml
... Removed 24 stack frames]]>
    </failure>
  </testcase> <!-- WDemo4 -->
  <testcase name="Demo3" time="0.001" classname="testNGPack.testNGEx1"/>
  <testcase name="apiLoginCarloan" time="0.001" classname="testNGPack.testNGEx2"/>
  <testcase name="mobileLoginCarloan" time="0.002" classname="testNGPack.testNGEx2"/>
  <testcase name="webLoginCarloan" time="0.001" classname="testNGPack.testNGEx2"/>
  <testcase name="XDemo3" time="0.0" classname="testNGPack.testNGEx1">
    <ignored/>
  </testcase> <!-- XDemo3 -->
</testsuite> <!-- Personal Loan -->
